{
  "stats": {
    "suites": 2,
    "tests": 2,
    "passes": 2,
    "pending": 0,
    "failures": 0,
    "start": "2022-03-01T15:22:27.834Z",
    "end": "2022-03-01T15:22:33.090Z",
    "duration": 279,
    "testsRegistered": 2,
    "passPercent": 100,
    "pendingPercent": 0,
    "other": 0,
    "hasOther": false,
    "skipped": 0,
    "hasSkipped": false
  },
  "results": [
    {
      "uuid": "055cceb5-3665-49c1-80bd-132bed9b8ee4",
      "title": "",
      "fullFile": "",
      "file": "",
      "beforeHooks": [],
      "afterHooks": [],
      "tests": [],
      "suites": [
        {
          "uuid": "4477cacb-67ff-407a-b3f0-bd6436c4c22e",
          "title": "Testes da Funcionalidade Produtos",
          "fullFile": "",
          "file": "",
          "beforeHooks": [],
          "afterHooks": [],
          "tests": [
            {
              "title": "Deve validar contrato de produtos",
              "fullTitle": "Testes da Funcionalidade Produtos Deve validar contrato de produtos",
              "timedOut": null,
              "duration": 159,
              "state": "passed",
              "speed": "fast",
              "pass": true,
              "fail": false,
              "pending": false,
              "context": null,
              "code": "cy.request('produtos').then(response => {\n  return _produtos.default.validateAsync(response.body);\n});",
              "err": {},
              "uuid": "ce977da6-ce8f-4fe2-9645-2fc9712aa856",
              "parentUUID": "4477cacb-67ff-407a-b3f0-bd6436c4c22e",
              "isHook": false,
              "skipped": false
            }
          ],
          "suites": [],
          "passes": [
            "ce977da6-ce8f-4fe2-9645-2fc9712aa856"
          ],
          "failures": [],
          "pending": [],
          "skipped": [],
          "duration": 159,
          "root": false,
          "rootEmpty": false,
          "_timeout": 2000
        }
      ],
      "passes": [],
      "failures": [],
      "pending": [],
      "skipped": [],
      "duration": 0,
      "root": true,
      "rootEmpty": true,
      "_timeout": 2000
    },
    {
      "uuid": "c0075df0-6625-4502-b3cf-dcbae7db7308",
      "title": "",
      "fullFile": "",
      "file": "",
      "beforeHooks": [],
      "afterHooks": [],
      "tests": [],
      "suites": [
        {
          "uuid": "f367eee6-20d9-4ed2-8434-bea830822599",
          "title": "Login - Teste da API Serverest",
          "fullFile": "",
          "file": "",
          "beforeHooks": [],
          "afterHooks": [],
          "tests": [
            {
              "title": "Deve fazer login com sucesso",
              "fullTitle": "Login - Teste da API Serverest Deve fazer login com sucesso",
              "timedOut": null,
              "duration": 120,
              "state": "passed",
              "speed": "fast",
              "pass": true,
              "fail": false,
              "pending": false,
              "context": null,
              "code": "cy.request({\n  //Método + Objeto\n  method: 'POST',\n  url: \"login\",\n  body: {\n    \"email\": \"julianatestadora@qa.com.br\",\n    \"password\": \"teste\"\n  }\n}).then(response => {\n  expect(response.status).to.equal(200);\n  expect(response.body.message).to.equal('Login realizado com sucesso');\n  cy.log(response.body.authorization);\n});",
              "err": {},
              "uuid": "f9aecf7d-97ce-4203-81ce-04d57fda6376",
              "parentUUID": "f367eee6-20d9-4ed2-8434-bea830822599",
              "isHook": false,
              "skipped": false
            }
          ],
          "suites": [],
          "passes": [
            "f9aecf7d-97ce-4203-81ce-04d57fda6376"
          ],
          "failures": [],
          "pending": [],
          "skipped": [],
          "duration": 120,
          "root": false,
          "rootEmpty": false,
          "_timeout": 2000
        }
      ],
      "passes": [],
      "failures": [],
      "pending": [],
      "skipped": [],
      "duration": 0,
      "root": true,
      "rootEmpty": true,
      "_timeout": 2000
    }
  ],
  "meta": {
    "mocha": {
      "version": "7.0.1"
    },
    "mochawesome": {
      "options": {
        "quiet": false,
        "reportFilename": "mochawesome",
        "saveHtml": false,
        "saveJson": true,
        "consoleReporter": "spec",
        "useInlineDiffs": false,
        "code": true
      },
      "version": "7.1.0"
    },
    "marge": {
      "options": {
        "reportDir": "mochawesome-report",
        "overwrite": false,
        "html": false,
        "json": true
      },
      "version": "6.1.0"
    }
  }
}